<?xml version="1.0" encoding="UTF-8"?>
<!-- Generated by org.testng.reporters.JUnitXMLReporter -->
<testsuite ignored="0" hostname="DESKTOP-RV92QIE" failures="0" tests="12" name="Test" time="237.669" errors="0" timestamp="2025-08-30T20:53:56 IST">
  <testcase classname="testCases.TC01_AccountRegister" name="register" time="81.408"/>
  <testcase classname="testCases.TC02_AccountLogin" name="Login" time="5.892"/>
  <testcase classname="testCases.TC03_AccountLoginMultipleLoginData" name="Login" time="2.91"/>
  <testcase classname="testCases.TC03_AccountLoginMultipleLoginData" name="Login" time="3.739"/>
  <testcase classname="testCases.TC03_AccountLoginMultipleLoginData" name="Login" time="2.109"/>
  <testcase classname="testCases.TC04_HomePageUI" name="HeaderShown" time="0.079"/>
  <testcase classname="testCases.TC04_HomePageUI" name="informationSitemapShown" time="0.077"/>
  <testcase classname="testCases.TC04_HomePageUI" name="isLogoDisplayed" time="0.053"/>
  <testcase classname="testCases.TC05_AddProductToCart" name="addProcuctToCart" time="12.239"/>
  <testcase classname="testCases.TC06_RemoveFromCart" name="RemoveProduct" time="5.607"/>
  <testcase classname="testCases.TC07_ChangePassword" name="changePassword" time="7.398"/>
  <testcase classname="testCases.TC08_ForgotPassword" name="forgotPasswordwithRegisterEmail" time="4.781"/>
</testsuite> <!-- Test -->
