<?xml version="1.0" encoding="UTF-8"?>
<!-- Generated by org.testng.reporters.JUnitXMLReporter -->
<testsuite ignored="0" hostname="DESKTOP-RV92QIE" failures="0" tests="10" name="Test" time="384.35" errors="0" timestamp="2025-08-30T15:43:01 IST">
  <testcase classname="testCases.TC01_AccountRegister" name="register" time="27.321"/>
  <testcase classname="testCases.TC02_AccountLogin" name="Login" time="11.992"/>
  <testcase classname="testCases.TC03_AccountLoginMultipleLoginData" name="Login" time="5.894"/>
  <testcase classname="testCases.TC03_AccountLoginMultipleLoginData" name="Login" time="6.648"/>
  <testcase classname="testCases.TC03_AccountLoginMultipleLoginData" name="Login" time="2.794"/>
  <testcase classname="testCases.TC04_HomePageUI" name="HeaderShown" time="0.1"/>
  <testcase classname="testCases.TC04_HomePageUI" name="informationSitemapShown" time="0.036"/>
  <testcase classname="testCases.TC04_HomePageUI" name="isLogoDisplayed" time="0.059"/>
  <testcase classname="testCases.TC05_AddProductToCart" name="addProcuctToCart" time="144.514"/>
  <testcase classname="testCases.TC06_RemoveFromCart" name="RemoveProduct" time="11.325"/>
</testsuite> <!-- Test -->
