<?xml version="1.0" encoding="UTF-8"?>
<!-- Generated by org.testng.reporters.JUnitXMLReporter -->
<testsuite ignored="0" hostname="DESKTOP-RV92QIE" failures="0" tests="12" name="Test" time="109.414" errors="0" timestamp="2025-08-30T20:56:09 IST">
  <testcase classname="testCases.TC01_AccountRegister" name="register" time="7.149"/>
  <testcase classname="testCases.TC02_AccountLogin" name="Login" time="5.522"/>
  <testcase classname="testCases.TC03_AccountLoginMultipleLoginData" name="Login" time="2.838"/>
  <testcase classname="testCases.TC03_AccountLoginMultipleLoginData" name="Login" time="4.364"/>
  <testcase classname="testCases.TC03_AccountLoginMultipleLoginData" name="Login" time="1.733"/>
  <testcase classname="testCases.TC04_HomePageUI" name="HeaderShown" time="0.066"/>
  <testcase classname="testCases.TC04_HomePageUI" name="informationSitemapShown" time="0.563"/>
  <testcase classname="testCases.TC04_HomePageUI" name="isLogoDisplayed" time="0.05"/>
  <testcase classname="testCases.TC05_AddProductToCart" name="addProcuctToCart" time="10.722"/>
  <testcase classname="testCases.TC06_RemoveFromCart" name="RemoveProduct" time="6.902"/>
  <testcase classname="testCases.TC07_ChangePassword" name="changePassword" time="8.691"/>
  <testcase classname="testCases.TC08_ForgotPassword" name="forgotPasswordwithRegisterEmail" time="4.35"/>
</testsuite> <!-- Test -->
