<?xml version="1.0" encoding="UTF-8"?>
<!-- Generated by org.testng.reporters.JUnitXMLReporter -->
<testsuite ignored="0" hostname="DESKTOP-RV92QIE" failures="0" tests="10" name="Test" time="331.868" errors="0" timestamp="2025-08-30T16:11:19 IST">
  <testcase classname="testCases.TC01_AccountRegister" name="register" time="13.401"/>
  <testcase classname="testCases.TC02_AccountLogin" name="Login" time="25.299"/>
  <testcase classname="testCases.TC03_AccountLoginMultipleLoginData" name="Login" time="3.21"/>
  <testcase classname="testCases.TC03_AccountLoginMultipleLoginData" name="Login" time="9.621"/>
  <testcase classname="testCases.TC03_AccountLoginMultipleLoginData" name="Login" time="5.814"/>
  <testcase classname="testCases.TC04_HomePageUI" name="HeaderShown" time="0.049"/>
  <testcase classname="testCases.TC04_HomePageUI" name="informationSitemapShown" time="0.033"/>
  <testcase classname="testCases.TC04_HomePageUI" name="isLogoDisplayed" time="0.061"/>
  <testcase classname="testCases.TC05_AddProductToCart" name="addProcuctToCart" time="16.402"/>
  <testcase classname="testCases.TC06_RemoveFromCart" name="RemoveProduct" time="21.054"/>
</testsuite> <!-- Test -->
