<?xml version="1.0" encoding="UTF-8"?>
<testng-results ignored="0" total="12" passed="12" failed="0" skipped="0">
  <reporter-output>
  </reporter-output>
  <suite started-at="2025-08-30T20:54:19 IST" name="Suite" finished-at="2025-08-30T20:56:08 IST" duration-ms="109414">
    <groups>
      <group name="Master">
        <method signature="TC01_AccountRegister.register()[pri:0, instance:testCases.TC01_AccountRegister@293a5bf6]" name="register" class="testCases.TC01_AccountRegister"/>
        <method signature="TC02_AccountLogin.Login()[pri:0, instance:testCases.TC02_AccountLogin@38d8f54a]" name="Login" class="testCases.TC02_AccountLogin"/>
        <method signature="TC03_AccountLoginMultipleLoginData.Login(java.lang.String,java.lang.String,java.lang.String)[pri:0, instance:testCases.TC03_AccountLoginMultipleLoginData@49e53c76]" name="Login" class="testCases.TC03_AccountLoginMultipleLoginData"/>
        <method signature="TC04_HomePageUI.HeaderShown()[pri:0, instance:testCases.TC04_HomePageUI@351d00c0]" name="HeaderShown" class="testCases.TC04_HomePageUI"/>
        <method signature="TC04_HomePageUI.informationSitemapShown()[pri:0, instance:testCases.TC04_HomePageUI@351d00c0]" name="informationSitemapShown" class="testCases.TC04_HomePageUI"/>
        <method signature="TC04_HomePageUI.isLogoDisplayed()[pri:0, instance:testCases.TC04_HomePageUI@351d00c0]" name="isLogoDisplayed" class="testCases.TC04_HomePageUI"/>
      </group> <!-- Master -->
      <group name="Functional">
        <method signature="TC01_AccountRegister.register()[pri:0, instance:testCases.TC01_AccountRegister@293a5bf6]" name="register" class="testCases.TC01_AccountRegister"/>
        <method signature="TC02_AccountLogin.Login()[pri:0, instance:testCases.TC02_AccountLogin@38d8f54a]" name="Login" class="testCases.TC02_AccountLogin"/>
        <method signature="TC03_AccountLoginMultipleLoginData.Login(java.lang.String,java.lang.String,java.lang.String)[pri:0, instance:testCases.TC03_AccountLoginMultipleLoginData@49e53c76]" name="Login" class="testCases.TC03_AccountLoginMultipleLoginData"/>
      </group> <!-- Functional -->
      <group name="UI">
        <method signature="TC04_HomePageUI.HeaderShown()[pri:0, instance:testCases.TC04_HomePageUI@351d00c0]" name="HeaderShown" class="testCases.TC04_HomePageUI"/>
        <method signature="TC04_HomePageUI.informationSitemapShown()[pri:0, instance:testCases.TC04_HomePageUI@351d00c0]" name="informationSitemapShown" class="testCases.TC04_HomePageUI"/>
        <method signature="TC04_HomePageUI.isLogoDisplayed()[pri:0, instance:testCases.TC04_HomePageUI@351d00c0]" name="isLogoDisplayed" class="testCases.TC04_HomePageUI"/>
      </group> <!-- UI -->
    </groups>
    <test started-at="2025-08-30T20:54:19 IST" name="Test" finished-at="2025-08-30T20:56:08 IST" duration-ms="109414">
      <class name="testCases.TC08_ForgotPassword">
        <test-method is-config="true" signature="setUp(java.lang.String,java.lang.String)[pri:0, instance:testCases.TC08_ForgotPassword@689604d9]" started-at="2025-08-30T20:55:59 IST" name="setUp" finished-at="2025-08-30T20:56:03 IST" duration-ms="4755" status="PASS">
          <params>
            <param index="0">
              <value>
                <![CDATA[Windows]]>
              </value>
            </param>
            <param index="1">
              <value>
                <![CDATA[Chrome]]>
              </value>
            </param>
          </params>
          <reporter-output>
          </reporter-output>
        </test-method> <!-- setUp -->
        <test-method is-config="true" signature="setup()[pri:0, instance:testCases.TC08_ForgotPassword@689604d9]" started-at="2025-08-30T20:56:03 IST" name="setup" finished-at="2025-08-30T20:56:03 IST" duration-ms="0" status="PASS">
          <reporter-output>
          </reporter-output>
        </test-method> <!-- setup -->
        <test-method signature="forgotPasswordwithRegisterEmail()[pri:0, instance:testCases.TC08_ForgotPassword@689604d9]" started-at="2025-08-30T20:56:03 IST" name="forgotPasswordwithRegisterEmail" finished-at="2025-08-30T20:56:08 IST" depends-on-methods="register" duration-ms="4350" status="PASS">
          <reporter-output>
          </reporter-output>
        </test-method> <!-- forgotPasswordwithRegisterEmail -->
        <test-method is-config="true" signature="tearDown()[pri:0, instance:testCases.TC08_ForgotPassword@689604d9]" started-at="2025-08-30T20:56:08 IST" name="tearDown" finished-at="2025-08-30T20:56:08 IST" duration-ms="277" status="PASS">
          <reporter-output>
          </reporter-output>
        </test-method> <!-- tearDown -->
        <test-method is-config="true" signature="removeDriver()[pri:0, instance:testCases.TC08_ForgotPassword@689604d9]" started-at="2025-08-30T20:56:08 IST" name="removeDriver" finished-at="2025-08-30T20:56:08 IST" duration-ms="0" status="PASS">
          <reporter-output>
          </reporter-output>
        </test-method> <!-- removeDriver -->
      </class> <!-- testCases.TC08_ForgotPassword -->
      <class name="testCases.TC07_ChangePassword">
        <test-method is-config="true" signature="setUp(java.lang.String,java.lang.String)[pri:0, instance:testCases.TC07_ChangePassword@35d019a3]" started-at="2025-08-30T20:55:40 IST" name="setUp" finished-at="2025-08-30T20:55:49 IST" duration-ms="8900" status="PASS">
          <params>
            <param index="0">
              <value>
                <![CDATA[Windows]]>
              </value>
            </param>
            <param index="1">
              <value>
                <![CDATA[Chrome]]>
              </value>
            </param>
          </params>
          <reporter-output>
          </reporter-output>
        </test-method> <!-- setUp -->
        <test-method signature="changePassword()[pri:0, instance:testCases.TC07_ChangePassword@35d019a3]" started-at="2025-08-30T20:55:49 IST" name="changePassword" finished-at="2025-08-30T20:55:58 IST" depends-on-methods="register" duration-ms="8691" status="PASS">
          <reporter-output>
          </reporter-output>
        </test-method> <!-- changePassword -->
        <test-method is-config="true" signature="setup()[pri:0, instance:testCases.TC07_ChangePassword@35d019a3]" started-at="2025-08-30T20:55:49 IST" name="setup" finished-at="2025-08-30T20:55:49 IST" duration-ms="0" status="PASS">
          <reporter-output>
          </reporter-output>
        </test-method> <!-- setup -->
        <test-method is-config="true" signature="tearDown()[pri:0, instance:testCases.TC07_ChangePassword@35d019a3]" started-at="2025-08-30T20:55:58 IST" name="tearDown" finished-at="2025-08-30T20:55:59 IST" duration-ms="374" status="PASS">
          <reporter-output>
          </reporter-output>
        </test-method> <!-- tearDown -->
        <test-method is-config="true" signature="removeDriver()[pri:0, instance:testCases.TC07_ChangePassword@35d019a3]" started-at="2025-08-30T20:55:58 IST" name="removeDriver" finished-at="2025-08-30T20:55:58 IST" duration-ms="0" status="PASS">
          <reporter-output>
          </reporter-output>
        </test-method> <!-- removeDriver -->
      </class> <!-- testCases.TC07_ChangePassword -->
      <class name="testCases.TC02_AccountLogin">
        <test-method is-config="true" signature="setUp(java.lang.String,java.lang.String)[pri:0, instance:testCases.TC02_AccountLogin@38d8f54a]" started-at="2025-08-30T20:54:40 IST" name="setUp" finished-at="2025-08-30T20:54:44 IST" duration-ms="4234" status="PASS">
          <params>
            <param index="0">
              <value>
                <![CDATA[Windows]]>
              </value>
            </param>
            <param index="1">
              <value>
                <![CDATA[Chrome]]>
              </value>
            </param>
          </params>
          <reporter-output>
          </reporter-output>
        </test-method> <!-- setUp -->
        <test-method signature="Login()[pri:0, instance:testCases.TC02_AccountLogin@38d8f54a]" started-at="2025-08-30T20:54:44 IST" name="Login" finished-at="2025-08-30T20:54:50 IST" depends-on-methods="register" duration-ms="5522" status="PASS">
          <reporter-output>
          </reporter-output>
        </test-method> <!-- Login -->
        <test-method is-config="true" signature="setup()[pri:0, instance:testCases.TC02_AccountLogin@38d8f54a]" started-at="2025-08-30T20:54:44 IST" name="setup" finished-at="2025-08-30T20:54:44 IST" duration-ms="0" status="PASS">
          <reporter-output>
          </reporter-output>
        </test-method> <!-- setup -->
        <test-method is-config="true" signature="tearDown()[pri:0, instance:testCases.TC02_AccountLogin@38d8f54a]" started-at="2025-08-30T20:54:50 IST" name="tearDown" finished-at="2025-08-30T20:54:50 IST" duration-ms="286" status="PASS">
          <reporter-output>
          </reporter-output>
        </test-method> <!-- tearDown -->
        <test-method is-config="true" signature="removeDriver()[pri:0, instance:testCases.TC02_AccountLogin@38d8f54a]" started-at="2025-08-30T20:54:50 IST" name="removeDriver" finished-at="2025-08-30T20:54:50 IST" duration-ms="0" status="PASS">
          <reporter-output>
          </reporter-output>
        </test-method> <!-- removeDriver -->
      </class> <!-- testCases.TC02_AccountLogin -->
      <class name="testCases.TC06_RemoveFromCart">
        <test-method is-config="true" signature="setUp(java.lang.String,java.lang.String)[pri:0, instance:testCases.TC06_RemoveFromCart@55b699ef]" started-at="2025-08-30T20:55:28 IST" name="setUp" finished-at="2025-08-30T20:55:33 IST" duration-ms="5205" status="PASS">
          <params>
            <param index="0">
              <value>
                <![CDATA[Windows]]>
              </value>
            </param>
            <param index="1">
              <value>
                <![CDATA[Chrome]]>
              </value>
            </param>
          </params>
          <reporter-output>
          </reporter-output>
        </test-method> <!-- setUp -->
        <test-method is-config="true" signature="setup()[pri:0, instance:testCases.TC06_RemoveFromCart@55b699ef]" started-at="2025-08-30T20:55:33 IST" name="setup" finished-at="2025-08-30T20:55:33 IST" duration-ms="2" status="PASS">
          <reporter-output>
          </reporter-output>
        </test-method> <!-- setup -->
        <test-method signature="RemoveProduct()[pri:0, instance:testCases.TC06_RemoveFromCart@55b699ef]" started-at="2025-08-30T20:55:33 IST" name="RemoveProduct" finished-at="2025-08-30T20:55:40 IST" depends-on-methods="addProcuctToCart" duration-ms="6902" status="PASS">
          <reporter-output>
          </reporter-output>
        </test-method> <!-- RemoveProduct -->
        <test-method is-config="true" signature="removeDriver()[pri:0, instance:testCases.TC06_RemoveFromCart@55b699ef]" started-at="2025-08-30T20:55:40 IST" name="removeDriver" finished-at="2025-08-30T20:55:40 IST" duration-ms="2" status="PASS">
          <reporter-output>
          </reporter-output>
        </test-method> <!-- removeDriver -->
        <test-method is-config="true" signature="tearDown()[pri:0, instance:testCases.TC06_RemoveFromCart@55b699ef]" started-at="2025-08-30T20:55:40 IST" name="tearDown" finished-at="2025-08-30T20:55:40 IST" duration-ms="280" status="PASS">
          <reporter-output>
          </reporter-output>
        </test-method> <!-- tearDown -->
      </class> <!-- testCases.TC06_RemoveFromCart -->
      <class name="testCases.TC04_HomePageUI">
        <test-method is-config="true" signature="setUp(java.lang.String,java.lang.String)[pri:0, instance:testCases.TC04_HomePageUI@351d00c0]" started-at="2025-08-30T20:55:05 IST" name="setUp" finished-at="2025-08-30T20:55:11 IST" duration-ms="5835" status="PASS">
          <params>
            <param index="0">
              <value>
                <![CDATA[Windows]]>
              </value>
            </param>
            <param index="1">
              <value>
                <![CDATA[Chrome]]>
              </value>
            </param>
          </params>
          <reporter-output>
          </reporter-output>
        </test-method> <!-- setUp -->
        <test-method signature="HeaderShown()[pri:0, instance:testCases.TC04_HomePageUI@351d00c0]" started-at="2025-08-30T20:55:11 IST" name="HeaderShown" finished-at="2025-08-30T20:55:11 IST" duration-ms="66" status="PASS">
          <reporter-output>
          </reporter-output>
        </test-method> <!-- HeaderShown -->
        <test-method is-config="true" signature="setup()[pri:0, instance:testCases.TC04_HomePageUI@351d00c0]" started-at="2025-08-30T20:55:11 IST" name="setup" finished-at="2025-08-30T20:55:11 IST" duration-ms="0" status="PASS">
          <reporter-output>
          </reporter-output>
        </test-method> <!-- setup -->
        <test-method is-config="true" signature="removeDriver()[pri:0, instance:testCases.TC04_HomePageUI@351d00c0]" started-at="2025-08-30T20:55:11 IST" name="removeDriver" finished-at="2025-08-30T20:55:11 IST" duration-ms="2" status="PASS">
          <reporter-output>
          </reporter-output>
        </test-method> <!-- removeDriver -->
        <test-method is-config="true" signature="setup()[pri:0, instance:testCases.TC04_HomePageUI@351d00c0]" started-at="2025-08-30T20:55:11 IST" name="setup" finished-at="2025-08-30T20:55:11 IST" duration-ms="2" status="PASS">
          <reporter-output>
          </reporter-output>
        </test-method> <!-- setup -->
        <test-method signature="informationSitemapShown()[pri:0, instance:testCases.TC04_HomePageUI@351d00c0]" started-at="2025-08-30T20:55:11 IST" name="informationSitemapShown" finished-at="2025-08-30T20:55:12 IST" duration-ms="563" status="PASS">
          <reporter-output>
          </reporter-output>
        </test-method> <!-- informationSitemapShown -->
        <test-method is-config="true" signature="removeDriver()[pri:0, instance:testCases.TC04_HomePageUI@351d00c0]" started-at="2025-08-30T20:55:12 IST" name="removeDriver" finished-at="2025-08-30T20:55:12 IST" duration-ms="0" status="PASS">
          <reporter-output>
          </reporter-output>
        </test-method> <!-- removeDriver -->
        <test-method is-config="true" signature="setup()[pri:0, instance:testCases.TC04_HomePageUI@351d00c0]" started-at="2025-08-30T20:55:12 IST" name="setup" finished-at="2025-08-30T20:55:12 IST" duration-ms="2" status="PASS">
          <reporter-output>
          </reporter-output>
        </test-method> <!-- setup -->
        <test-method signature="isLogoDisplayed()[pri:0, instance:testCases.TC04_HomePageUI@351d00c0]" started-at="2025-08-30T20:55:12 IST" name="isLogoDisplayed" finished-at="2025-08-30T20:55:12 IST" duration-ms="50" status="PASS">
          <reporter-output>
          </reporter-output>
        </test-method> <!-- isLogoDisplayed -->
        <test-method is-config="true" signature="tearDown()[pri:0, instance:testCases.TC04_HomePageUI@351d00c0]" started-at="2025-08-30T20:55:12 IST" name="tearDown" finished-at="2025-08-30T20:55:13 IST" duration-ms="379" status="PASS">
          <reporter-output>
          </reporter-output>
        </test-method> <!-- tearDown -->
        <test-method is-config="true" signature="removeDriver()[pri:0, instance:testCases.TC04_HomePageUI@351d00c0]" started-at="2025-08-30T20:55:12 IST" name="removeDriver" finished-at="2025-08-30T20:55:12 IST" duration-ms="0" status="PASS">
          <reporter-output>
          </reporter-output>
        </test-method> <!-- removeDriver -->
      </class> <!-- testCases.TC04_HomePageUI -->
      <class name="testCases.TC05_AddProductToCart">
        <test-method is-config="true" signature="setUp(java.lang.String,java.lang.String)[pri:0, instance:testCases.TC05_AddProductToCart@2a3b5b47]" started-at="2025-08-30T20:55:13 IST" name="setUp" finished-at="2025-08-30T20:55:17 IST" duration-ms="4167" status="PASS">
          <params>
            <param index="0">
              <value>
                <![CDATA[Windows]]>
              </value>
            </param>
            <param index="1">
              <value>
                <![CDATA[Chrome]]>
              </value>
            </param>
          </params>
          <reporter-output>
          </reporter-output>
        </test-method> <!-- setUp -->
        <test-method is-config="true" signature="setup()[pri:0, instance:testCases.TC05_AddProductToCart@2a3b5b47]" started-at="2025-08-30T20:55:17 IST" name="setup" finished-at="2025-08-30T20:55:17 IST" duration-ms="2" status="PASS">
          <reporter-output>
          </reporter-output>
        </test-method> <!-- setup -->
        <test-method signature="addProcuctToCart()[pri:0, instance:testCases.TC05_AddProductToCart@2a3b5b47]" started-at="2025-08-30T20:55:17 IST" name="addProcuctToCart" finished-at="2025-08-30T20:55:27 IST" depends-on-methods="register" duration-ms="10722" status="PASS">
          <reporter-output>
          </reporter-output>
        </test-method> <!-- addProcuctToCart -->
        <test-method is-config="true" signature="removeDriver()[pri:0, instance:testCases.TC05_AddProductToCart@2a3b5b47]" started-at="2025-08-30T20:55:28 IST" name="removeDriver" finished-at="2025-08-30T20:55:28 IST" duration-ms="2" status="PASS">
          <reporter-output>
          </reporter-output>
        </test-method> <!-- removeDriver -->
        <test-method is-config="true" signature="tearDown()[pri:0, instance:testCases.TC05_AddProductToCart@2a3b5b47]" started-at="2025-08-30T20:55:28 IST" name="tearDown" finished-at="2025-08-30T20:55:28 IST" duration-ms="303" status="PASS">
          <reporter-output>
          </reporter-output>
        </test-method> <!-- tearDown -->
      </class> <!-- testCases.TC05_AddProductToCart -->
      <class name="testCases.TC03_AccountLoginMultipleLoginData">
        <test-method is-config="true" signature="setUp(java.lang.String,java.lang.String)[pri:0, instance:testCases.TC03_AccountLoginMultipleLoginData@49e53c76]" started-at="2025-08-30T20:54:50 IST" name="setUp" finished-at="2025-08-30T20:54:55 IST" duration-ms="4642" status="PASS">
          <params>
            <param index="0">
              <value>
                <![CDATA[Windows]]>
              </value>
            </param>
            <param index="1">
              <value>
                <![CDATA[Chrome]]>
              </value>
            </param>
          </params>
          <reporter-output>
          </reporter-output>
        </test-method> <!-- setUp -->
        <test-method is-config="true" signature="setup()[pri:0, instance:testCases.TC03_AccountLoginMultipleLoginData@49e53c76]" started-at="2025-08-30T20:54:55 IST" name="setup" finished-at="2025-08-30T20:54:55 IST" duration-ms="9" status="PASS">
          <reporter-output>
          </reporter-output>
        </test-method> <!-- setup -->
        <test-method signature="Login(java.lang.String,java.lang.String,java.lang.String)[pri:0, instance:testCases.TC03_AccountLoginMultipleLoginData@49e53c76]" started-at="2025-08-30T20:54:55 IST" name="Login" data-provider="LoginData" finished-at="2025-08-30T20:54:58 IST" depends-on-methods="register" duration-ms="2838" status="PASS">
          <params>
            <param index="0">
              <value>
                <![CDATA[user1@gmail.com]]>
              </value>
            </param>
            <param index="1">
              <value>
                <![CDATA[pass1]]>
              </value>
            </param>
            <param index="2">
              <value>
                <![CDATA[invalid]]>
              </value>
            </param>
          </params>
          <reporter-output>
          </reporter-output>
        </test-method> <!-- Login -->
        <test-method is-config="true" signature="removeDriver()[pri:0, instance:testCases.TC03_AccountLoginMultipleLoginData@49e53c76]" started-at="2025-08-30T20:54:58 IST" name="removeDriver" finished-at="2025-08-30T20:54:58 IST" duration-ms="2" status="PASS">
          <reporter-output>
          </reporter-output>
        </test-method> <!-- removeDriver -->
        <test-method signature="Login(java.lang.String,java.lang.String,java.lang.String)[pri:0, instance:testCases.TC03_AccountLoginMultipleLoginData@49e53c76]" started-at="2025-08-30T20:54:58 IST" name="Login" data-provider="LoginData" finished-at="2025-08-30T20:55:02 IST" depends-on-methods="register" duration-ms="4364" status="PASS">
          <params>
            <param index="0">
              <value>
                <![CDATA[EpXWHIz@gma.coo]]>
              </value>
            </param>
            <param index="1">
              <value>
                <![CDATA[Aaaaa@11]]>
              </value>
            </param>
            <param index="2">
              <value>
                <![CDATA[valid]]>
              </value>
            </param>
          </params>
          <reporter-output>
          </reporter-output>
        </test-method> <!-- Login -->
        <test-method is-config="true" signature="setup()[pri:0, instance:testCases.TC03_AccountLoginMultipleLoginData@49e53c76]" started-at="2025-08-30T20:54:58 IST" name="setup" finished-at="2025-08-30T20:54:58 IST" duration-ms="0" status="PASS">
          <reporter-output>
          </reporter-output>
        </test-method> <!-- setup -->
        <test-method is-config="true" signature="removeDriver()[pri:0, instance:testCases.TC03_AccountLoginMultipleLoginData@49e53c76]" started-at="2025-08-30T20:55:03 IST" name="removeDriver" finished-at="2025-08-30T20:55:03 IST" duration-ms="0" status="PASS">
          <reporter-output>
          </reporter-output>
        </test-method> <!-- removeDriver -->
        <test-method signature="Login(java.lang.String,java.lang.String,java.lang.String)[pri:0, instance:testCases.TC03_AccountLoginMultipleLoginData@49e53c76]" started-at="2025-08-30T20:55:03 IST" name="Login" data-provider="LoginData" finished-at="2025-08-30T20:55:04 IST" depends-on-methods="register" duration-ms="1733" status="PASS">
          <params>
            <param index="0">
              <value>
                <![CDATA[user3@sdfdf.cc]]>
              </value>
            </param>
            <param index="1">
              <value>
                <![CDATA[pass3]]>
              </value>
            </param>
            <param index="2">
              <value>
                <![CDATA[invalid]]>
              </value>
            </param>
          </params>
          <reporter-output>
          </reporter-output>
        </test-method> <!-- Login -->
        <test-method is-config="true" signature="setup()[pri:0, instance:testCases.TC03_AccountLoginMultipleLoginData@49e53c76]" started-at="2025-08-30T20:55:03 IST" name="setup" finished-at="2025-08-30T20:55:03 IST" duration-ms="0" status="PASS">
          <reporter-output>
          </reporter-output>
        </test-method> <!-- setup -->
        <test-method is-config="true" signature="removeDriver()[pri:0, instance:testCases.TC03_AccountLoginMultipleLoginData@49e53c76]" started-at="2025-08-30T20:55:05 IST" name="removeDriver" finished-at="2025-08-30T20:55:05 IST" duration-ms="0" status="PASS">
          <reporter-output>
          </reporter-output>
        </test-method> <!-- removeDriver -->
        <test-method is-config="true" signature="tearDown()[pri:0, instance:testCases.TC03_AccountLoginMultipleLoginData@49e53c76]" started-at="2025-08-30T20:55:05 IST" name="tearDown" finished-at="2025-08-30T20:55:05 IST" duration-ms="275" status="PASS">
          <reporter-output>
          </reporter-output>
        </test-method> <!-- tearDown -->
      </class> <!-- testCases.TC03_AccountLoginMultipleLoginData -->
      <class name="testCases.TC01_AccountRegister">
        <test-method is-config="true" signature="setUp(java.lang.String,java.lang.String)[pri:0, instance:testCases.TC01_AccountRegister@293a5bf6]" started-at="2025-08-30T20:54:19 IST" name="setUp" finished-at="2025-08-30T20:54:31 IST" duration-ms="12459" status="PASS">
          <params>
            <param index="0">
              <value>
                <![CDATA[Windows]]>
              </value>
            </param>
            <param index="1">
              <value>
                <![CDATA[Chrome]]>
              </value>
            </param>
          </params>
          <reporter-output>
          </reporter-output>
        </test-method> <!-- setUp -->
        <test-method is-config="true" signature="setup()[pri:0, instance:testCases.TC01_AccountRegister@293a5bf6]" started-at="2025-08-30T20:54:31 IST" name="setup" finished-at="2025-08-30T20:54:31 IST" duration-ms="2" status="PASS">
          <reporter-output>
          </reporter-output>
        </test-method> <!-- setup -->
        <test-method signature="register()[pri:0, instance:testCases.TC01_AccountRegister@293a5bf6]" started-at="2025-08-30T20:54:31 IST" name="register" finished-at="2025-08-30T20:54:38 IST" duration-ms="7149" status="PASS">
          <reporter-output>
          </reporter-output>
        </test-method> <!-- register -->
        <test-method is-config="true" signature="removeDriver()[pri:0, instance:testCases.TC01_AccountRegister@293a5bf6]" started-at="2025-08-30T20:54:39 IST" name="removeDriver" finished-at="2025-08-30T20:54:39 IST" duration-ms="0" status="PASS">
          <reporter-output>
          </reporter-output>
        </test-method> <!-- removeDriver -->
        <test-method is-config="true" signature="tearDown()[pri:0, instance:testCases.TC01_AccountRegister@293a5bf6]" started-at="2025-08-30T20:54:39 IST" name="tearDown" finished-at="2025-08-30T20:54:40 IST" duration-ms="875" status="PASS">
          <reporter-output>
          </reporter-output>
        </test-method> <!-- tearDown -->
      </class> <!-- testCases.TC01_AccountRegister -->
    </test> <!-- Test -->
  </suite> <!-- Suite -->
</testng-results>
