<?xml version="1.0" encoding="UTF-8"?>
<testng-results ignored="0" total="10" passed="10" failed="0" skipped="0">
  <reporter-output>
  </reporter-output>
  <suite started-at="2025-08-30T15:36:36 IST" name="Suite" finished-at="2025-08-30T15:43:00 IST" duration-ms="384350">
    <groups>
      <group name="Master">
        <method signature="TC01_AccountRegister.register()[pri:0, instance:testCases.TC01_AccountRegister@2aceadd4]" name="register" class="testCases.TC01_AccountRegister"/>
        <method signature="TC02_AccountLogin.Login()[pri:0, instance:testCases.TC02_AccountLogin@2925bf5b]" name="Login" class="testCases.TC02_AccountLogin"/>
        <method signature="TC03_AccountLoginMultipleLoginData.Login(java.lang.String,java.lang.String,java.lang.String)[pri:0, instance:testCases.TC03_AccountLoginMultipleLoginData@710f4dc7]" name="Login" class="testCases.TC03_AccountLoginMultipleLoginData"/>
        <method signature="TC04_HomePageUI.HeaderShown()[pri:0, instance:testCases.TC04_HomePageUI@1ff4931d]" name="HeaderShown" class="testCases.TC04_HomePageUI"/>
        <method signature="TC04_HomePageUI.informationSitemapShown()[pri:0, instance:testCases.TC04_HomePageUI@1ff4931d]" name="informationSitemapShown" class="testCases.TC04_HomePageUI"/>
        <method signature="TC04_HomePageUI.isLogoDisplayed()[pri:0, instance:testCases.TC04_HomePageUI@1ff4931d]" name="isLogoDisplayed" class="testCases.TC04_HomePageUI"/>
      </group> <!-- Master -->
      <group name="Functional">
        <method signature="TC01_AccountRegister.register()[pri:0, instance:testCases.TC01_AccountRegister@2aceadd4]" name="register" class="testCases.TC01_AccountRegister"/>
        <method signature="TC02_AccountLogin.Login()[pri:0, instance:testCases.TC02_AccountLogin@2925bf5b]" name="Login" class="testCases.TC02_AccountLogin"/>
        <method signature="TC03_AccountLoginMultipleLoginData.Login(java.lang.String,java.lang.String,java.lang.String)[pri:0, instance:testCases.TC03_AccountLoginMultipleLoginData@710f4dc7]" name="Login" class="testCases.TC03_AccountLoginMultipleLoginData"/>
      </group> <!-- Functional -->
      <group name="UI">
        <method signature="TC04_HomePageUI.HeaderShown()[pri:0, instance:testCases.TC04_HomePageUI@1ff4931d]" name="HeaderShown" class="testCases.TC04_HomePageUI"/>
        <method signature="TC04_HomePageUI.informationSitemapShown()[pri:0, instance:testCases.TC04_HomePageUI@1ff4931d]" name="informationSitemapShown" class="testCases.TC04_HomePageUI"/>
        <method signature="TC04_HomePageUI.isLogoDisplayed()[pri:0, instance:testCases.TC04_HomePageUI@1ff4931d]" name="isLogoDisplayed" class="testCases.TC04_HomePageUI"/>
      </group> <!-- UI -->
    </groups>
    <test started-at="2025-08-30T15:36:36 IST" name="Test" finished-at="2025-08-30T15:43:00 IST" duration-ms="384350">
      <class name="testCases.TC02_AccountLogin">
        <test-method is-config="true" signature="setUp(java.lang.String,java.lang.String)[pri:0, instance:testCases.TC02_AccountLogin@2925bf5b]" started-at="2025-08-30T15:37:14 IST" name="setUp" finished-at="2025-08-30T15:37:20 IST" duration-ms="6459" status="PASS">
          <params>
            <param index="0">
              <value>
                <![CDATA[Windows]]>
              </value>
            </param>
            <param index="1">
              <value>
                <![CDATA[Chrome]]>
              </value>
            </param>
          </params>
          <reporter-output>
          </reporter-output>
        </test-method> <!-- setUp -->
        <test-method is-config="true" signature="setup()[pri:0, instance:testCases.TC02_AccountLogin@2925bf5b]" started-at="2025-08-30T15:37:20 IST" name="setup" finished-at="2025-08-30T15:37:20 IST" duration-ms="1" status="PASS">
          <reporter-output>
          </reporter-output>
        </test-method> <!-- setup -->
        <test-method signature="Login()[pri:0, instance:testCases.TC02_AccountLogin@2925bf5b]" started-at="2025-08-30T15:37:20 IST" name="Login" finished-at="2025-08-30T15:37:32 IST" depends-on-methods="register" duration-ms="11992" status="PASS">
          <reporter-output>
          </reporter-output>
        </test-method> <!-- Login -->
        <test-method is-config="true" signature="removeDriver()[pri:0, instance:testCases.TC02_AccountLogin@2925bf5b]" started-at="2025-08-30T15:37:32 IST" name="removeDriver" finished-at="2025-08-30T15:37:32 IST" duration-ms="0" status="PASS">
          <reporter-output>
          </reporter-output>
        </test-method> <!-- removeDriver -->
        <test-method is-config="true" signature="tearDown()[pri:0, instance:testCases.TC02_AccountLogin@2925bf5b]" started-at="2025-08-30T15:37:32 IST" name="tearDown" finished-at="2025-08-30T15:37:33 IST" duration-ms="925" status="PASS">
          <reporter-output>
          </reporter-output>
        </test-method> <!-- tearDown -->
      </class> <!-- testCases.TC02_AccountLogin -->
      <class name="testCases.TC06_RemoveFromCart">
        <test-method is-config="true" signature="setUp(java.lang.String,java.lang.String)[pri:0, instance:testCases.TC06_RemoveFromCart@61322f9d]" started-at="2025-08-30T15:42:42 IST" name="setUp" finished-at="2025-08-30T15:42:48 IST" duration-ms="5423" status="PASS">
          <params>
            <param index="0">
              <value>
                <![CDATA[Windows]]>
              </value>
            </param>
            <param index="1">
              <value>
                <![CDATA[Chrome]]>
              </value>
            </param>
          </params>
          <reporter-output>
          </reporter-output>
        </test-method> <!-- setUp -->
        <test-method is-config="true" signature="setup()[pri:0, instance:testCases.TC06_RemoveFromCart@61322f9d]" started-at="2025-08-30T15:42:48 IST" name="setup" finished-at="2025-08-30T15:42:48 IST" duration-ms="10" status="PASS">
          <reporter-output>
          </reporter-output>
        </test-method> <!-- setup -->
        <test-method signature="RemoveProduct()[pri:0, instance:testCases.TC06_RemoveFromCart@61322f9d]" started-at="2025-08-30T15:42:48 IST" name="RemoveProduct" finished-at="2025-08-30T15:42:59 IST" depends-on-methods="addProcuctToCart" duration-ms="11325" status="PASS">
          <reporter-output>
          </reporter-output>
        </test-method> <!-- RemoveProduct -->
        <test-method is-config="true" signature="removeDriver()[pri:0, instance:testCases.TC06_RemoveFromCart@61322f9d]" started-at="2025-08-30T15:42:59 IST" name="removeDriver" finished-at="2025-08-30T15:42:59 IST" duration-ms="0" status="PASS">
          <reporter-output>
          </reporter-output>
        </test-method> <!-- removeDriver -->
        <test-method is-config="true" signature="tearDown()[pri:0, instance:testCases.TC06_RemoveFromCart@61322f9d]" started-at="2025-08-30T15:42:59 IST" name="tearDown" finished-at="2025-08-30T15:43:00 IST" duration-ms="637" status="PASS">
          <reporter-output>
          </reporter-output>
        </test-method> <!-- tearDown -->
      </class> <!-- testCases.TC06_RemoveFromCart -->
      <class name="testCases.TC04_HomePageUI">
        <test-method is-config="true" signature="setUp(java.lang.String,java.lang.String)[pri:0, instance:testCases.TC04_HomePageUI@1ff4931d]" started-at="2025-08-30T15:38:11 IST" name="setUp" finished-at="2025-08-30T15:38:41 IST" duration-ms="29588" status="PASS">
          <params>
            <param index="0">
              <value>
                <![CDATA[Windows]]>
              </value>
            </param>
            <param index="1">
              <value>
                <![CDATA[Chrome]]>
              </value>
            </param>
          </params>
          <reporter-output>
          </reporter-output>
        </test-method> <!-- setUp -->
        <test-method signature="HeaderShown()[pri:0, instance:testCases.TC04_HomePageUI@1ff4931d]" started-at="2025-08-30T15:38:41 IST" name="HeaderShown" finished-at="2025-08-30T15:38:41 IST" duration-ms="100" status="PASS">
          <reporter-output>
          </reporter-output>
        </test-method> <!-- HeaderShown -->
        <test-method is-config="true" signature="setup()[pri:0, instance:testCases.TC04_HomePageUI@1ff4931d]" started-at="2025-08-30T15:38:41 IST" name="setup" finished-at="2025-08-30T15:38:41 IST" duration-ms="0" status="PASS">
          <reporter-output>
          </reporter-output>
        </test-method> <!-- setup -->
        <test-method is-config="true" signature="removeDriver()[pri:0, instance:testCases.TC04_HomePageUI@1ff4931d]" started-at="2025-08-30T15:38:41 IST" name="removeDriver" finished-at="2025-08-30T15:38:41 IST" duration-ms="0" status="PASS">
          <reporter-output>
          </reporter-output>
        </test-method> <!-- removeDriver -->
        <test-method is-config="true" signature="setup()[pri:0, instance:testCases.TC04_HomePageUI@1ff4931d]" started-at="2025-08-30T15:38:41 IST" name="setup" finished-at="2025-08-30T15:38:41 IST" duration-ms="1" status="PASS">
          <reporter-output>
          </reporter-output>
        </test-method> <!-- setup -->
        <test-method signature="informationSitemapShown()[pri:0, instance:testCases.TC04_HomePageUI@1ff4931d]" started-at="2025-08-30T15:38:41 IST" name="informationSitemapShown" finished-at="2025-08-30T15:38:41 IST" duration-ms="36" status="PASS">
          <reporter-output>
          </reporter-output>
        </test-method> <!-- informationSitemapShown -->
        <test-method is-config="true" signature="removeDriver()[pri:0, instance:testCases.TC04_HomePageUI@1ff4931d]" started-at="2025-08-30T15:38:42 IST" name="removeDriver" finished-at="2025-08-30T15:38:42 IST" duration-ms="0" status="PASS">
          <reporter-output>
          </reporter-output>
        </test-method> <!-- removeDriver -->
        <test-method is-config="true" signature="setup()[pri:0, instance:testCases.TC04_HomePageUI@1ff4931d]" started-at="2025-08-30T15:38:42 IST" name="setup" finished-at="2025-08-30T15:38:42 IST" duration-ms="2" status="PASS">
          <reporter-output>
          </reporter-output>
        </test-method> <!-- setup -->
        <test-method signature="isLogoDisplayed()[pri:0, instance:testCases.TC04_HomePageUI@1ff4931d]" started-at="2025-08-30T15:38:42 IST" name="isLogoDisplayed" finished-at="2025-08-30T15:38:42 IST" duration-ms="59" status="PASS">
          <reporter-output>
          </reporter-output>
        </test-method> <!-- isLogoDisplayed -->
        <test-method is-config="true" signature="removeDriver()[pri:0, instance:testCases.TC04_HomePageUI@1ff4931d]" started-at="2025-08-30T15:38:42 IST" name="removeDriver" finished-at="2025-08-30T15:38:42 IST" duration-ms="1" status="PASS">
          <reporter-output>
          </reporter-output>
        </test-method> <!-- removeDriver -->
        <test-method is-config="true" signature="tearDown()[pri:0, instance:testCases.TC04_HomePageUI@1ff4931d]" started-at="2025-08-30T15:38:42 IST" name="tearDown" finished-at="2025-08-30T15:38:43 IST" duration-ms="657" status="PASS">
          <reporter-output>
          </reporter-output>
        </test-method> <!-- tearDown -->
      </class> <!-- testCases.TC04_HomePageUI -->
      <class name="testCases.TC05_AddProductToCart">
        <test-method is-config="true" signature="setUp(java.lang.String,java.lang.String)[pri:0, instance:testCases.TC05_AddProductToCart@65e98b1c]" started-at="2025-08-30T15:38:43 IST" name="setUp" finished-at="2025-08-30T15:40:17 IST" duration-ms="94440" status="PASS">
          <params>
            <param index="0">
              <value>
                <![CDATA[Windows]]>
              </value>
            </param>
            <param index="1">
              <value>
                <![CDATA[Chrome]]>
              </value>
            </param>
          </params>
          <reporter-output>
          </reporter-output>
        </test-method> <!-- setUp -->
        <test-method signature="addProcuctToCart()[pri:0, instance:testCases.TC05_AddProductToCart@65e98b1c]" started-at="2025-08-30T15:40:17 IST" name="addProcuctToCart" finished-at="2025-08-30T15:42:42 IST" depends-on-methods="register" duration-ms="144514" status="PASS">
          <reporter-output>
          </reporter-output>
        </test-method> <!-- addProcuctToCart -->
        <test-method is-config="true" signature="setup()[pri:0, instance:testCases.TC05_AddProductToCart@65e98b1c]" started-at="2025-08-30T15:40:17 IST" name="setup" finished-at="2025-08-30T15:40:17 IST" duration-ms="0" status="PASS">
          <reporter-output>
          </reporter-output>
        </test-method> <!-- setup -->
        <test-method is-config="true" signature="removeDriver()[pri:0, instance:testCases.TC05_AddProductToCart@65e98b1c]" started-at="2025-08-30T15:42:42 IST" name="removeDriver" finished-at="2025-08-30T15:42:42 IST" duration-ms="1" status="PASS">
          <reporter-output>
          </reporter-output>
        </test-method> <!-- removeDriver -->
        <test-method is-config="true" signature="tearDown()[pri:0, instance:testCases.TC05_AddProductToCart@65e98b1c]" started-at="2025-08-30T15:42:42 IST" name="tearDown" finished-at="2025-08-30T15:42:42 IST" duration-ms="652" status="PASS">
          <reporter-output>
          </reporter-output>
        </test-method> <!-- tearDown -->
      </class> <!-- testCases.TC05_AddProductToCart -->
      <class name="testCases.TC03_AccountLoginMultipleLoginData">
        <test-method is-config="true" signature="setUp(java.lang.String,java.lang.String)[pri:0, instance:testCases.TC03_AccountLoginMultipleLoginData@710f4dc7]" started-at="2025-08-30T15:37:33 IST" name="setUp" finished-at="2025-08-30T15:37:55 IST" duration-ms="21961" status="PASS">
          <params>
            <param index="0">
              <value>
                <![CDATA[Windows]]>
              </value>
            </param>
            <param index="1">
              <value>
                <![CDATA[Chrome]]>
              </value>
            </param>
          </params>
          <reporter-output>
          </reporter-output>
        </test-method> <!-- setUp -->
        <test-method signature="Login(java.lang.String,java.lang.String,java.lang.String)[pri:0, instance:testCases.TC03_AccountLoginMultipleLoginData@710f4dc7]" started-at="2025-08-30T15:37:55 IST" name="Login" data-provider="LoginData" finished-at="2025-08-30T15:38:01 IST" depends-on-methods="register" duration-ms="5894" status="PASS">
          <params>
            <param index="0">
              <value>
                <![CDATA[user1@gmail.com]]>
              </value>
            </param>
            <param index="1">
              <value>
                <![CDATA[pass1]]>
              </value>
            </param>
            <param index="2">
              <value>
                <![CDATA[invalid]]>
              </value>
            </param>
          </params>
          <reporter-output>
          </reporter-output>
        </test-method> <!-- Login -->
        <test-method is-config="true" signature="setup()[pri:0, instance:testCases.TC03_AccountLoginMultipleLoginData@710f4dc7]" started-at="2025-08-30T15:37:55 IST" name="setup" finished-at="2025-08-30T15:37:55 IST" duration-ms="0" status="PASS">
          <reporter-output>
          </reporter-output>
        </test-method> <!-- setup -->
        <test-method is-config="true" signature="removeDriver()[pri:0, instance:testCases.TC03_AccountLoginMultipleLoginData@710f4dc7]" started-at="2025-08-30T15:38:01 IST" name="removeDriver" finished-at="2025-08-30T15:38:01 IST" duration-ms="4" status="PASS">
          <reporter-output>
          </reporter-output>
        </test-method> <!-- removeDriver -->
        <test-method signature="Login(java.lang.String,java.lang.String,java.lang.String)[pri:0, instance:testCases.TC03_AccountLoginMultipleLoginData@710f4dc7]" started-at="2025-08-30T15:38:01 IST" name="Login" data-provider="LoginData" finished-at="2025-08-30T15:38:08 IST" depends-on-methods="register" duration-ms="6648" status="PASS">
          <params>
            <param index="0">
              <value>
                <![CDATA[RmUgaTT@gma.coo]]>
              </value>
            </param>
            <param index="1">
              <value>
                <![CDATA[Aaaaa@11]]>
              </value>
            </param>
            <param index="2">
              <value>
                <![CDATA[valid]]>
              </value>
            </param>
          </params>
          <reporter-output>
          </reporter-output>
        </test-method> <!-- Login -->
        <test-method is-config="true" signature="setup()[pri:0, instance:testCases.TC03_AccountLoginMultipleLoginData@710f4dc7]" started-at="2025-08-30T15:38:01 IST" name="setup" finished-at="2025-08-30T15:38:01 IST" duration-ms="0" status="PASS">
          <reporter-output>
          </reporter-output>
        </test-method> <!-- setup -->
        <test-method is-config="true" signature="removeDriver()[pri:0, instance:testCases.TC03_AccountLoginMultipleLoginData@710f4dc7]" started-at="2025-08-30T15:38:08 IST" name="removeDriver" finished-at="2025-08-30T15:38:08 IST" duration-ms="1" status="PASS">
          <reporter-output>
          </reporter-output>
        </test-method> <!-- removeDriver -->
        <test-method is-config="true" signature="setup()[pri:0, instance:testCases.TC03_AccountLoginMultipleLoginData@710f4dc7]" started-at="2025-08-30T15:38:08 IST" name="setup" finished-at="2025-08-30T15:38:08 IST" duration-ms="1" status="PASS">
          <reporter-output>
          </reporter-output>
        </test-method> <!-- setup -->
        <test-method signature="Login(java.lang.String,java.lang.String,java.lang.String)[pri:0, instance:testCases.TC03_AccountLoginMultipleLoginData@710f4dc7]" started-at="2025-08-30T15:38:08 IST" name="Login" data-provider="LoginData" finished-at="2025-08-30T15:38:11 IST" depends-on-methods="register" duration-ms="2794" status="PASS">
          <params>
            <param index="0">
              <value>
                <![CDATA[user3@sdfdf.cc]]>
              </value>
            </param>
            <param index="1">
              <value>
                <![CDATA[pass3]]>
              </value>
            </param>
            <param index="2">
              <value>
                <![CDATA[invalid]]>
              </value>
            </param>
          </params>
          <reporter-output>
          </reporter-output>
        </test-method> <!-- Login -->
        <test-method is-config="true" signature="removeDriver()[pri:0, instance:testCases.TC03_AccountLoginMultipleLoginData@710f4dc7]" started-at="2025-08-30T15:38:11 IST" name="removeDriver" finished-at="2025-08-30T15:38:11 IST" duration-ms="1" status="PASS">
          <reporter-output>
          </reporter-output>
        </test-method> <!-- removeDriver -->
        <test-method is-config="true" signature="tearDown()[pri:0, instance:testCases.TC03_AccountLoginMultipleLoginData@710f4dc7]" started-at="2025-08-30T15:38:11 IST" name="tearDown" finished-at="2025-08-30T15:38:11 IST" duration-ms="461" status="PASS">
          <reporter-output>
          </reporter-output>
        </test-method> <!-- tearDown -->
      </class> <!-- testCases.TC03_AccountLoginMultipleLoginData -->
      <class name="testCases.TC01_AccountRegister">
        <test-method is-config="true" signature="setUp(java.lang.String,java.lang.String)[pri:0, instance:testCases.TC01_AccountRegister@2aceadd4]" started-at="2025-08-30T15:36:36 IST" name="setUp" finished-at="2025-08-30T15:36:45 IST" duration-ms="9372" status="PASS">
          <params>
            <param index="0">
              <value>
                <![CDATA[Windows]]>
              </value>
            </param>
            <param index="1">
              <value>
                <![CDATA[Chrome]]>
              </value>
            </param>
          </params>
          <reporter-output>
          </reporter-output>
        </test-method> <!-- setUp -->
        <test-method is-config="true" signature="setup()[pri:0, instance:testCases.TC01_AccountRegister@2aceadd4]" started-at="2025-08-30T15:36:45 IST" name="setup" finished-at="2025-08-30T15:36:45 IST" duration-ms="2" status="PASS">
          <reporter-output>
          </reporter-output>
        </test-method> <!-- setup -->
        <test-method signature="register()[pri:0, instance:testCases.TC01_AccountRegister@2aceadd4]" started-at="2025-08-30T15:36:45 IST" name="register" finished-at="2025-08-30T15:37:12 IST" duration-ms="27321" status="PASS">
          <reporter-output>
          </reporter-output>
        </test-method> <!-- register -->
        <test-method is-config="true" signature="removeDriver()[pri:0, instance:testCases.TC01_AccountRegister@2aceadd4]" started-at="2025-08-30T15:37:13 IST" name="removeDriver" finished-at="2025-08-30T15:37:13 IST" duration-ms="3" status="PASS">
          <reporter-output>
          </reporter-output>
        </test-method> <!-- removeDriver -->
        <test-method is-config="true" signature="tearDown()[pri:0, instance:testCases.TC01_AccountRegister@2aceadd4]" started-at="2025-08-30T15:37:13 IST" name="tearDown" finished-at="2025-08-30T15:37:14 IST" duration-ms="864" status="PASS">
          <reporter-output>
          </reporter-output>
        </test-method> <!-- tearDown -->
      </class> <!-- testCases.TC01_AccountRegister -->
    </test> <!-- Test -->
  </suite> <!-- Suite -->
</testng-results>
